0 info it worked if it ends with ok
1 verbose cli [ '/usr/local/bin/node',
1 verbose cli   '/usr/local/bin/npm',
1 verbose cli   'run',
1 verbose cli   'production' ]
2 info using npm@3.10.8
3 info using node@v6.9.1
4 verbose run-script [ 'preproduction', 'production', 'postproduction' ]
5 info lifecycle Brackets@1.4.0-0~preproduction: Brackets@1.4.0-0
6 verbose lifecycle Brackets@1.4.0-0~preproduction: unsafe-perm in lifecycle true
7 verbose lifecycle Brackets@1.4.0-0~preproduction: PATH: /usr/local/lib/node_modules/npm/bin/node-gyp-bin:/Users/shellyginelle/Code-With-Venus/node_modules/.bin:/Users/shellyginelle/anaconda/bin:/Library/Frameworks/Python.framework/Versions/3.5/bin:/usr/local/bin:/usr/bin:/bin:/usr/sbin:/sbin
8 verbose lifecycle Brackets@1.4.0-0~preproduction: CWD: /Users/shellyginelle/Code-With-Venus
9 silly lifecycle Brackets@1.4.0-0~preproduction: Args: [ '-c', 'grunt build-browser-compressed && grunt unlocalize' ]
10 silly lifecycle Brackets@1.4.0-0~preproduction: Returned: code: 3  signal: null
11 info lifecycle Brackets@1.4.0-0~preproduction: Failed to exec preproduction script
12 verbose stack Error: Brackets@1.4.0-0 preproduction: `grunt build-browser-compressed && grunt unlocalize`
12 verbose stack Exit status 3
12 verbose stack     at EventEmitter.<anonymous> (/usr/local/lib/node_modules/npm/lib/utils/lifecycle.js:255:16)
12 verbose stack     at emitTwo (events.js:106:13)
12 verbose stack     at EventEmitter.emit (events.js:191:7)
12 verbose stack     at ChildProcess.<anonymous> (/usr/local/lib/node_modules/npm/lib/utils/spawn.js:40:14)
12 verbose stack     at emitTwo (events.js:106:13)
12 verbose stack     at ChildProcess.emit (events.js:191:7)
12 verbose stack     at maybeClose (internal/child_process.js:877:16)
12 verbose stack     at Process.ChildProcess._handle.onexit (internal/child_process.js:226:5)
13 verbose pkgid Brackets@1.4.0-0
14 verbose cwd /Users/shellyginelle/Code-With-Venus
15 error Darwin 14.5.0
16 error argv "/usr/local/bin/node" "/usr/local/bin/npm" "run" "production"
17 error node v6.9.1
18 error npm  v3.10.8
19 error code ELIFECYCLE
20 error Brackets@1.4.0-0 preproduction: `grunt build-browser-compressed && grunt unlocalize`
20 error Exit status 3
21 error Failed at the Brackets@1.4.0-0 preproduction script 'grunt build-browser-compressed && grunt unlocalize'.
21 error Make sure you have the latest version of node.js and npm installed.
21 error If you do, this is most likely a problem with the Brackets package,
21 error not with npm itself.
21 error Tell the author that this fails on your system:
21 error     grunt build-browser-compressed && grunt unlocalize
21 error You can get information on how to open an issue for this project with:
21 error     npm bugs Brackets
21 error Or if that isn't available, you can get their info via:
21 error     npm owner ls Brackets
21 error There is likely additional logging output above.
22 verbose exit [ 1, true ]
